<?xml version="1.0" encoding="UTF-8"?>
<!-- Generated by org.testng.reporters.JUnitReportReporter -->
<testsuite hostname="DESKTOP-EVB6OP3" failures="0" tests="1" name="TestRumbleon.Selenium.TestforInterview" time="32.584" errors="0" timestamp="05 Feb 2018 13:36:25 GMT" skipped="0">
  <testcase classname="TestRumbleon.Selenium.TestforInterview" name="test" time="32.584"/>
</testsuite> <!-- TestRumbleon.Selenium.TestforInterview -->
