<?xml version="1.0" encoding="UTF-8"?>
<!-- Generated by org.testng.reporters.JUnitReportReporter -->
<testsuite hostname="DESKTOP-EVB6OP3" failures="0" tests="1" name="TestRumbleon.Selenium.LoginApp" time="34.661" errors="0" timestamp="07 Feb 2018 10:50:33 GMT" skipped="0">
  <testcase classname="TestRumbleon.Selenium.LoginApp" name="Login_process" time="34.661"/>
</testsuite> <!-- TestRumbleon.Selenium.LoginApp -->
