<?xml version="1.0" encoding="UTF-8"?>
<!-- Generated by org.testng.reporters.JUnitReportReporter -->
<testsuite hostname="DESKTOP-EVB6OP3" failures="0" tests="1" name="TestRumbleon.Selenium.car" time="10.204" errors="0" timestamp="07 Feb 2018 14:44:03 GMT" skipped="0">
  <testcase classname="TestRumbleon.Selenium.car" name="browser" time="10.204"/>
</testsuite> <!-- TestRumbleon.Selenium.car -->
