<?xml version="1.0" encoding="UTF-8"?>
<!-- Generated by org.testng.reporters.JUnitReportReporter -->
<testsuite hostname="DESKTOP-EVB6OP3" failures="0" tests="1" name="TestRumbleon.Selenium.Buy" time="67.999" errors="0" timestamp="07 Feb 2018 14:11:23 GMT" skipped="0">
  <testcase classname="TestRumbleon.Selenium.Buy" name="buy" time="67.999"/>
</testsuite> <!-- TestRumbleon.Selenium.Buy -->
